
> blockchain-monitor@1.0.0 start
> node src/index.js

(node:1389583) ExperimentalWarning: Importing JSON modules is an experimental feature. This feature could change at any time
(Use `node --trace-warnings ...` to show where the warning was created)
Initializing services...
Loaded 59 events from storage
ReferralStore initialized
Loaded 4 referred users
Loaded 3 referrers
Loaded 79 trades
Loaded 8 referral codes
ReferralTracker initialized with MON price: $0.1
ReferralStore initialized
Loaded 4 referred users
Loaded 3 referrers
Loaded 79 trades
Loaded 8 referral codes
HTTP server referral store initialized
WebSocket server listening on port 8080
HTTP server listening on port 3004
Referral API available at http://localhost:3004/api/referrals
Starting from block 38049139
Monitoring 2 pools for events...
Blockchain monitor started successfully
Monitoring 2 pools
WebSocket server running on port 8080
HTTP referral API running on port 3004
New WebSocket connection
New WebSocket connection
=== Authentication Debug ===
Address: 0x98f2243e853afE7D8AC5Ddbc32Ba167E8B5f1bBd
Message: Sign this message to authenticate with the blockchain monitor at 1758249986911
Signature: 0x48d8eca18ca84914bda086d638a7504a1c74f7fda8dd985e50e2639a5590c5330a2be5d9f1ac157f86db1d1fd6b47762db0c60edccd4408be1af5805f4f0d0b71b
Message Hash: 0xce625288811d90bb536a4589e99014544f7ed88ab83a58eddc7607f31d8ed101
Recovered Address: 0x98f2243e853afE7D8AC5Ddbc32Ba167E8B5f1bBd
Expected Address: 0x98f2243e853afE7D8AC5Ddbc32Ba167E8B5f1bBd
Addresses match: true
Authentication successful (simple format)
=== Authentication Debug ===
Address: 0x98f2243e853afE7D8AC5Ddbc32Ba167E8B5f1bBd
Message: Sign this message to authenticate with the blockchain monitor at 1758249986935
Signature: 0x5412562ad45117177813e8589df3785f7c378384976dea28c6dd0d4e3275472a77dc7a58807f3fcf309a0e7724b7b0f90580c2d7bba56b6e20887bb734c9f1721b
Message Hash: 0x62a37cb53771cd719cadf60e11d9c836d8ae13279a87122d957fd3062aae67ad
Recovered Address: 0x98f2243e853afE7D8AC5Ddbc32Ba167E8B5f1bBd
Expected Address: 0x98f2243e853afE7D8AC5Ddbc32Ba167E8B5f1bBd
Addresses match: true
Authentication successful (simple format)
Found 1 deployers
Found 5 total vaults
Raw vault info for 0x1df48d9738e38A40fBf3B329865f4bc772e907F4: Result(8) [
  1028260492797372170n,
  1177294219736203322600918n,
  48527822456002n,
  499999999999999999999998n,
  999999999999999999999999n,
  '0x0221668890fdad280767B5c7f2d2C78eC62eF94D',
  '0x760AfE86e5de5fa0Ee542fc7B7B713e1c5425701',
  0n
]
Vault 0x1df48d9738e38A40fBf3B329865f4bc772e907F4 has no totalInterest field (8 fields total)
Raw vault info for 0x1593526630f993A9EEF547C38CC7878c9C2AC13b: Result(8) [
  1052323940063380758n,
  2519907281426962737890096n,
  3127208554952n,
  3749999999999999999999976n,
  7499999999999999999999986n,
  '0x6b44B01922BCeF8A6db75B3147FB604c37a78b7F',
  '0x760AfE86e5de5fa0Ee542fc7B7B713e1c5425701',
  0n
]
Vault 0x1593526630f993A9EEF547C38CC7878c9C2AC13b has no totalInterest field (8 fields total)
Error fetching vault info for 0x69f7bcb5c482d56971E3a988bb73b59b6eD5d162: missing revert data (action="call", data=null, reason=null, transaction={ "data": "0x7f98aa71", "to": "0x69f7bcb5c482d56971E3a988bb73b59b6eD5d162" }, invocation=null, revert=null, code=CALL_EXCEPTION, version=6.15.0)
Vault 0x69f7bcb5c482d56971E3a988bb73b59b6eD5d162 might not exist or be accessible on current network
Failed to fetch complete vault data for 0x69f7bcb5c482d56971E3a988bb73b59b6eD5d162
Raw vault info for 0x2854e274951E9271964146520912EF026895cb60: Result(8) [
  595666246606901570872n,
  8888888000000000000000000n,
  1678792454157522n,
  0n,
  0n,
  '0x4374a905687e4228d68fd9F0d076ADC5267fB2C3',
  '0x760AfE86e5de5fa0Ee542fc7B7B713e1c5425701',
  0n
]
Vault 0x2854e274951E9271964146520912EF026895cb60 has no totalInterest field (8 fields total)
Raw vault info for 0x26dF45A403f1427E4E6657C31E5FaC04bF89C589: Result(8) [
  581541142149880632643n,
  7350000000000000000000000n,
  1719568793195151n,
  0n,
  0n,
  '0x67b619786F0f46d6d63746622b52b1346ac67D51',
  '0x760AfE86e5de5fa0Ee542fc7B7B713e1c5425701',
  0n
]
Vault 0x26dF45A403f1427E4E6657C31E5FaC04bF89C589 has no totalInterest field (8 fields total)
Error fetching vaults: TypeError: Do not know how to serialize a BigInt
    at JSON.stringify (<anonymous>)
    at stringify (/data2/code/Noma/wss/blockchain-monitor/node_modules/express/lib/response.js:1160:12)
    at ServerResponse.json (/data2/code/Noma/wss/blockchain-monitor/node_modules/express/lib/response.js:271:14)
    at file:///data2/code/Noma/wss/blockchain-monitor/src/http-server.js:236:15
    at process.processTicksAndRejections (node:internal/process/task_queues:95:5)
Found 1 deployers
Found 5 total vaults
Raw vault info for 0x1df48d9738e38A40fBf3B329865f4bc772e907F4: Result(8) [
  1028260492797372170n,
  1177294219736203322600918n,
  48527822456002n,
  499999999999999999999998n,
  999999999999999999999999n,
  '0x0221668890fdad280767B5c7f2d2C78eC62eF94D',
  '0x760AfE86e5de5fa0Ee542fc7B7B713e1c5425701',
  0n
]
Vault 0x1df48d9738e38A40fBf3B329865f4bc772e907F4 has no totalInterest field (8 fields total)
Raw vault info for 0x1593526630f993A9EEF547C38CC7878c9C2AC13b: Result(8) [
  1052323940063380758n,
  2519907281426962737890096n,
  3127208554952n,
  3749999999999999999999976n,
  7499999999999999999999986n,
  '0x6b44B01922BCeF8A6db75B3147FB604c37a78b7F',
  '0x760AfE86e5de5fa0Ee542fc7B7B713e1c5425701',
  0n
]
Vault 0x1593526630f993A9EEF547C38CC7878c9C2AC13b has no totalInterest field (8 fields total)
Raw vault info for 0x69f7bcb5c482d56971E3a988bb73b59b6eD5d162: Result(8) [
  22868098357163616847493n,
  1000000000000000000000000n,
  43729040534179n,
  0n,
  0n,
  '0x424C06f54928aE759782B31A798B1799D9CDC9aB',
  '0x760AfE86e5de5fa0Ee542fc7B7B713e1c5425701',
  0n
]
Vault 0x69f7bcb5c482d56971E3a988bb73b59b6eD5d162 has no totalInterest field (8 fields total)
Raw vault info for 0x2854e274951E9271964146520912EF026895cb60: Result(8) [
  595666246606901570872n,
  8888888000000000000000000n,
  1678792454157522n,
  0n,
  0n,
  '0x4374a905687e4228d68fd9F0d076ADC5267fB2C3',
  '0x760AfE86e5de5fa0Ee542fc7B7B713e1c5425701',
  0n
]
Vault 0x2854e274951E9271964146520912EF026895cb60 has no totalInterest field (8 fields total)
Raw vault info for 0x26dF45A403f1427E4E6657C31E5FaC04bF89C589: Result(8) [
  581541142149880632643n,
  7350000000000000000000000n,
  1719568793195151n,
  0n,
  0n,
  '0x67b619786F0f46d6d63746622b52b1346ac67D51',
  '0x760AfE86e5de5fa0Ee542fc7B7B713e1c5425701',
  0n
]
Vault 0x26dF45A403f1427E4E6657C31E5FaC04bF89C589 has no totalInterest field (8 fields total)
Error fetching vaults: TypeError: Do not know how to serialize a BigInt
    at JSON.stringify (<anonymous>)
    at stringify (/data2/code/Noma/wss/blockchain-monitor/node_modules/express/lib/response.js:1160:12)
    at ServerResponse.json (/data2/code/Noma/wss/blockchain-monitor/node_modules/express/lib/response.js:271:14)
    at file:///data2/code/Noma/wss/blockchain-monitor/src/http-server.js:236:15
    at process.processTicksAndRejections (node:internal/process/task_queues:95:5)
